<?xml version="1.0" encoding="UTF-8"?>
<!-- Generated by org.testng.reporters.JUnitReportReporter -->
<testsuite skipped="0" hostname="DESKTOP-QHJUV5M" name="User_Test.User_Test.USet_test" tests="3" failures="0" timestamp="26 Nov 2019 08:42:22 GMT" time="0.022" errors="0">
  <testcase name="delete_User_Test" time="0.001" classname="User_Test.User_Test.USet_test"/>
  <testcase name="CreateUserTest" time="0.019" classname="User_Test.User_Test.USet_test"/>
  <testcase name="ModifyUserTest" time="0.002" classname="User_Test.User_Test.USet_test"/>
</testsuite> <!-- User_Test.User_Test.USet_test -->
